
7/20/2019 12:38:37 PM
http://rma.parabit.com:1340/api/v1/User/ValidateLogin/

7/20/2019 12:38:38 PM
http://rma.parabit.com:1340/api/v1/User/GetUserProfile/

7/20/2019 12:38:38 PM
http://rma.parabit.com:1340/api/v1/Firm/FirmName/

7/20/2019 12:38:38 PM
http://rma.parabit.com:1340/api/v1/Country/

7/20/2019 12:38:39 PM
http://rma.parabit.com:1340/api/v1/ReturnAddress/GetReturnAddress/525/

7/20/2019 12:39:54 PM
http://rma.parabit.com:1340/api/v1/States/240/

7/20/2019 12:39:55 PM
http://rma.parabit.com:1340/api/v1/User/UpdateProfile/

7/20/2019 12:39:56 PM
http://rma.parabit.com:1340/api/v1/ReturnAddress/UpdateReturnAddress/

7/20/2019 12:39:59 PM
http://rma.parabit.com:1340/api/v1/Case/CaseDetails/

7/20/2019 12:40:00 PM
http://rma.parabit.com:1340/api/v1/Case/AprrovedCaseId/

7/20/2019 12:40:03 PM
http://rma.parabit.com:1340/api/v1/User/GetUserProfile/

7/20/2019 12:40:03 PM
http://rma.parabit.com:1340/api/v1/User/GetUserProfile/

7/20/2019 12:40:03 PM
http://rma.parabit.com:1340/api/v1/Firm/FirmName/

7/20/2019 12:40:03 PM
http://rma.parabit.com:1340/api/v1/Firm/FirmName/

7/20/2019 12:40:03 PM
http://rma.parabit.com:1340/api/v1/Country/

7/20/2019 12:40:03 PM
http://rma.parabit.com:1340/api/v1/Country/

7/20/2019 12:40:03 PM
http://rma.parabit.com:1340/api/v1/ReturnAddress/GetReturnAddress/525/

7/20/2019 12:40:09 PM
http://rma.parabit.com:1340/api/v1/Case/CaseDetails/

7/20/2019 12:40:36 PM
http://rma.parabit.com:1340/api/v1/Parts/

7/20/2019 12:40:37 PM
http://rma.parabit.com:1340/api/v1/Parts/FirmwareVersion/

7/20/2019 12:40:37 PM
http://rma.parabit.com:1340/api/v1/User/GetUserProfile/

7/20/2019 12:40:37 PM
http://rma.parabit.com:1340/api/v1/Firm/FirmName/

7/20/2019 12:40:37 PM
http://rma.parabit.com:1340/api/v1/Country/

7/20/2019 12:40:37 PM
http://rma.parabit.com:1340/api/v1/ReturnAddress/GetReturnAddress/525/

7/20/2019 12:40:37 PM
http://rma.parabit.com:1340/api/v1/Company/CompanyName/43/

7/20/2019 12:40:39 PM
http://rma.parabit.com:1340/api/v1/Parts/

7/20/2019 12:40:39 PM
http://rma.parabit.com:1340/api/v1/Parts/FirmwareVersion/

7/20/2019 12:40:48 PM
http://rma.parabit.com:1340/api/v1/States/240/

7/20/2019 12:41:01 PM
http://rma.parabit.com:1340/api/v1/Company/AddCompanyDetails/

7/20/2019 12:41:01 PM
http://rma.parabit.com:1340/api/v1/Company/CompanyAddress/464/

7/20/2019 12:41:10 PM
http://rma.parabit.com:1340/api/v1/States/240/
