
7/21/2019 7:47:33 PM
http://rma.parabit.com:1340/api/v1/User/ValidateLogin/

7/21/2019 7:47:34 PM
http://rma.parabit.com:1340/api/v1/User/GetUserProfile/

7/21/2019 7:47:34 PM
http://rma.parabit.com:1340/api/v1/Firm/FirmName/

7/21/2019 7:47:35 PM
http://rma.parabit.com:1340/api/v1/Country/

7/21/2019 7:47:35 PM
http://rma.parabit.com:1340/api/v1/ReturnAddress/GetReturnAddress/525/

7/21/2019 7:47:53 PM
http://rma.parabit.com:1340/api/v1/States/240/

7/21/2019 7:47:56 PM
http://rma.parabit.com:1340/api/v1/User/UpdateProfile/

7/21/2019 7:47:56 PM
http://rma.parabit.com:1340/api/v1/ReturnAddress/UpdateReturnAddress/

7/21/2019 7:47:56 PM
http://rma.parabit.com:1340/api/v1/User/GetUserProfile/

7/21/2019 7:47:56 PM
http://rma.parabit.com:1340/api/v1/Firm/FirmName/

7/21/2019 7:47:56 PM
http://rma.parabit.com:1340/api/v1/Country/

7/21/2019 7:47:57 PM
http://rma.parabit.com:1340/api/v1/ReturnAddress/GetReturnAddress/525/

7/21/2019 7:48:09 PM
http://rma.parabit.com:1340/api/v1/States/240/

7/21/2019 7:48:12 PM
http://rma.parabit.com:1340/api/v1/User/UpdateProfile/

7/21/2019 7:48:36 PM
http://rma.parabit.com:1340/api/v1/ReturnAddress/UpdateReturnAddress/

7/21/2019 7:48:36 PM
http://rma.parabit.com:1340/api/v1/User/GetUserProfile/

7/21/2019 7:48:36 PM
http://rma.parabit.com:1340/api/v1/Firm/FirmName/

7/21/2019 7:48:36 PM
http://rma.parabit.com:1340/api/v1/Country/

7/21/2019 7:48:36 PM
http://rma.parabit.com:1340/api/v1/ReturnAddress/GetReturnAddress/525/

7/21/2019 7:48:41 PM
http://rma.parabit.com:1340/api/v1/States/240/

7/21/2019 7:48:46 PM
http://rma.parabit.com:1340/api/v1/User/UpdateProfile/

7/21/2019 7:48:46 PM
http://rma.parabit.com:1340/api/v1/ReturnAddress/UpdateReturnAddress/

7/21/2019 7:48:47 PM
http://rma.parabit.com:1340/api/v1/User/GetUserProfile/

7/21/2019 7:48:47 PM
http://rma.parabit.com:1340/api/v1/Firm/FirmName/

7/21/2019 7:48:47 PM
http://rma.parabit.com:1340/api/v1/Country/

7/21/2019 7:48:47 PM
http://rma.parabit.com:1340/api/v1/ReturnAddress/GetReturnAddress/525/

7/21/2019 7:48:52 PM
http://rma.parabit.com:1340/api/v1/States/240/

7/21/2019 7:48:55 PM
http://rma.parabit.com:1340/api/v1/User/UpdateProfile/

7/21/2019 7:48:55 PM
http://rma.parabit.com:1340/api/v1/ReturnAddress/UpdateReturnAddress/

7/21/2019 7:48:55 PM
http://rma.parabit.com:1340/api/v1/User/GetUserProfile/

7/21/2019 7:48:56 PM
http://rma.parabit.com:1340/api/v1/Firm/FirmName/

7/21/2019 7:48:56 PM
http://rma.parabit.com:1340/api/v1/Country/

7/21/2019 7:48:56 PM
http://rma.parabit.com:1340/api/v1/ReturnAddress/GetReturnAddress/525/

7/21/2019 7:49:21 PM
http://rma.parabit.com:1340/api/v1/Case/CaseDetails/

7/21/2019 7:49:21 PM
http://rma.parabit.com:1340/api/v1/Case/AprrovedCaseId/

7/21/2019 7:49:22 PM
http://rma.parabit.com:1340/api/v1/User/GetUserProfile/

7/21/2019 7:49:22 PM
http://rma.parabit.com:1340/api/v1/Firm/FirmName/

7/21/2019 7:49:22 PM
http://rma.parabit.com:1340/api/v1/Country/

7/21/2019 7:49:29 PM
http://rma.parabit.com:1340/api/v1/Case/CaseDetails/

7/21/2019 7:49:32 PM
http://rma.parabit.com:1340/api/v1/User/UpdateProfile/

7/21/2019 7:49:32 PM
http://rma.parabit.com:1340/api/v1/Case/CaseDetails/

7/21/2019 7:49:32 PM
http://rma.parabit.com:1340/api/v1/Case/AprrovedCaseId/

7/21/2019 7:49:33 PM
http://rma.parabit.com:1340/api/v1/User/GetUserProfile/

7/21/2019 7:49:33 PM
http://rma.parabit.com:1340/api/v1/Firm/FirmName/

7/21/2019 7:49:33 PM
http://rma.parabit.com:1340/api/v1/Country/

7/21/2019 7:49:37 PM
http://rma.parabit.com:1340/api/v1/Case/CaseDetails/

7/21/2019 7:49:42 PM
http://rma.parabit.com:1340/api/v1/User/UpdateProfile/

7/21/2019 7:49:43 PM
http://rma.parabit.com:1340/api/v1/Case/CaseDetails/

7/21/2019 7:49:43 PM
http://rma.parabit.com:1340/api/v1/Case/AprrovedCaseId/

7/21/2019 7:49:43 PM
http://rma.parabit.com:1340/api/v1/User/GetUserProfile/

7/21/2019 7:49:44 PM
http://rma.parabit.com:1340/api/v1/Firm/FirmName/

7/21/2019 7:49:44 PM
http://rma.parabit.com:1340/api/v1/Country/

7/21/2019 7:49:48 PM
http://rma.parabit.com:1340/api/v1/Case/CaseDetails/

7/21/2019 7:49:53 PM
http://rma.parabit.com:1340/api/v1/User/UpdateProfile/

7/21/2019 7:49:53 PM
http://rma.parabit.com:1340/api/v1/Case/CaseDetails/

7/21/2019 7:49:54 PM
http://rma.parabit.com:1340/api/v1/Case/AprrovedCaseId/

7/21/2019 7:49:54 PM
http://rma.parabit.com:1340/api/v1/User/GetUserProfile/

7/21/2019 7:49:54 PM
http://rma.parabit.com:1340/api/v1/Firm/FirmName/

7/21/2019 7:49:54 PM
http://rma.parabit.com:1340/api/v1/Country/

7/21/2019 7:49:59 PM
http://rma.parabit.com:1340/api/v1/Case/CaseDetails/

7/21/2019 7:50:28 PM
http://rma.parabit.com:1340/api/v1/User/UpdateProfile/

7/21/2019 7:50:28 PM
http://rma.parabit.com:1340/api/v1/Case/CaseDetails/

7/21/2019 7:50:28 PM
http://rma.parabit.com:1340/api/v1/Case/AprrovedCaseId/

7/21/2019 7:50:29 PM
http://rma.parabit.com:1340/api/v1/User/GetUserProfile/

7/21/2019 7:50:29 PM
http://rma.parabit.com:1340/api/v1/Firm/FirmName/

7/21/2019 7:50:29 PM
http://rma.parabit.com:1340/api/v1/Country/

7/21/2019 7:50:34 PM
http://rma.parabit.com:1340/api/v1/Case/CaseDetails/
