
8/19/2019 1:39:04 PM
http://rma.parabit.com:1340/api/v1/User/ValidateLogin/

8/19/2019 1:39:09 PM
http://rma.parabit.com:1340/api/v1/User/GetUserProfile/

8/19/2019 1:39:11 PM
http://rma.parabit.com:1340/api/v1/Firm/FirmName/

8/19/2019 1:39:12 PM
http://rma.parabit.com:1340/api/v1/Country/

8/19/2019 1:39:12 PM
http://rma.parabit.com:1340/api/v1/ReturnAddress/GetReturnAddress/525/

8/19/2019 6:00:38 PM
http://rma.parabit.com:1340/api/v1/User/ValidateLogin/

8/19/2019 6:00:39 PM
http://rma.parabit.com:1340/api/v1/User/GetUserProfile/

8/19/2019 6:00:39 PM
http://rma.parabit.com:1340/api/v1/Firm/FirmName/

8/19/2019 6:00:39 PM
http://rma.parabit.com:1340/api/v1/Country/

8/19/2019 6:00:39 PM
http://rma.parabit.com:1340/api/v1/ReturnAddress/GetReturnAddress/525/

8/19/2019 6:00:42 PM
http://rma.parabit.com:1340/api/v1/Case/CaseDetails/

8/19/2019 6:00:43 PM
http://rma.parabit.com:1340/api/v1/Case/AprrovedCaseId/

8/19/2019 6:00:43 PM
http://rma.parabit.com:1340/api/v1/User/GetUserProfile/

8/19/2019 6:00:43 PM
http://rma.parabit.com:1340/api/v1/Firm/FirmName/

8/19/2019 6:00:44 PM
http://rma.parabit.com:1340/api/v1/Country/

8/19/2019 6:00:44 PM
http://rma.parabit.com:1340/api/v1/ReturnAddress/GetReturnAddress/525/

8/19/2019 6:00:45 PM
http://rma.parabit.com:1340/api/v1/Case/CaseDetails/

8/19/2019 6:01:12 PM
http://rma.parabit.com:1340/api/v1/Company/CompanyName/0/

8/19/2019 6:01:13 PM
http://rma.parabit.com:1340/api/v1/User/GetUserProfile/

8/19/2019 6:01:13 PM
http://rma.parabit.com:1340/api/v1/Firm/FirmName/

8/19/2019 6:01:13 PM
http://rma.parabit.com:1340/api/v1/Country/

8/19/2019 6:01:13 PM
http://rma.parabit.com:1340/api/v1/ReturnAddress/GetReturnAddress/525/

8/19/2019 6:01:19 PM
http://rma.parabit.com:1340/api/v1/Company/CompanyName/0/

8/19/2019 6:01:19 PM
http://rma.parabit.com:1340/api/v1/Case/CaseId/Company/392/

8/19/2019 6:01:22 PM
http://rma.parabit.com:1340/api/v1/Case/CaseDetails/PBT1401/
