
2/19/2020 10:36:05 AM
http://rma.parabit.com:1340/api/v1/User/ValidateLogin/

2/19/2020 10:36:06 AM
http://rma.parabit.com:1340/api/v1/User/GetUserProfile/

2/19/2020 10:36:06 AM
http://rma.parabit.com:1340/api/v1/Firm/FirmName/

2/19/2020 10:36:06 AM
http://rma.parabit.com:1340/api/v1/Country/

2/19/2020 10:36:06 AM
http://rma.parabit.com:1340/api/v1/ReturnAddress/GetReturnAddress/525/

2/19/2020 10:36:43 AM
http://rma.parabit.com:1340/api/v1/Case/CaseDetails/

2/19/2020 10:36:44 AM
http://rma.parabit.com:1340/api/v1/Case/AprrovedCaseId/

2/19/2020 10:36:44 AM
http://rma.parabit.com:1340/api/v1/User/GetUserProfile/

2/19/2020 10:36:44 AM
http://rma.parabit.com:1340/api/v1/Firm/FirmName/

2/19/2020 10:36:44 AM
http://rma.parabit.com:1340/api/v1/Country/

2/19/2020 10:36:44 AM
http://rma.parabit.com:1340/api/v1/ReturnAddress/GetReturnAddress/525/

2/19/2020 10:36:51 AM
http://rma.parabit.com:1340/api/v1/Case/CaseDetails/

2/19/2020 10:36:54 AM
http://rma.parabit.com:1340/api/v1/Case/AprrovedCaseId/

2/19/2020 10:36:55 AM
http://rma.parabit.com:1340/api/v1/Case/CaseDetails/

2/19/2020 10:37:42 AM
http://rma.parabit.com:1340/api/v1/Company/CompanyName/0/

2/19/2020 10:37:42 AM
http://rma.parabit.com:1340/api/v1/User/GetUserProfile/

2/19/2020 10:37:42 AM
http://rma.parabit.com:1340/api/v1/Firm/FirmName/

2/19/2020 10:37:42 AM
http://rma.parabit.com:1340/api/v1/Country/

2/19/2020 10:37:42 AM
http://rma.parabit.com:1340/api/v1/ReturnAddress/GetReturnAddress/525/

2/19/2020 10:38:17 AM
http://rma.parabit.com:1340/api/v1/User/GetUserProfile/

2/19/2020 10:38:18 AM
http://rma.parabit.com:1340/api/v1/Firm/FirmName/

2/19/2020 10:38:18 AM
http://rma.parabit.com:1340/api/v1/Country/

2/19/2020 10:38:18 AM
http://rma.parabit.com:1340/api/v1/ReturnAddress/GetReturnAddress/525/

2/19/2020 10:38:22 AM
http://rma.parabit.com:1340/api/v1/Case/CaseDetails/

2/19/2020 10:38:22 AM
http://rma.parabit.com:1340/api/v1/Case/AprrovedCaseId/

2/19/2020 10:38:22 AM
http://rma.parabit.com:1340/api/v1/User/GetUserProfile/

2/19/2020 10:38:22 AM
http://rma.parabit.com:1340/api/v1/Firm/FirmName/

2/19/2020 10:38:23 AM
http://rma.parabit.com:1340/api/v1/Country/

2/19/2020 10:38:23 AM
http://rma.parabit.com:1340/api/v1/ReturnAddress/GetReturnAddress/525/

2/19/2020 10:38:25 AM
http://rma.parabit.com:1340/api/v1/Case/CaseDetails/
