
8/8/2019 7:01:36 PM
http://rma.parabit.com:1340/api/v1/User/ValidateLogin/

8/8/2019 7:01:37 PM
http://rma.parabit.com:1340/api/v1/User/GetUserProfile/

8/8/2019 7:01:37 PM
http://rma.parabit.com:1340/api/v1/Firm/FirmName/

8/8/2019 7:01:37 PM
http://rma.parabit.com:1340/api/v1/Country/

8/8/2019 7:01:38 PM
http://rma.parabit.com:1340/api/v1/ReturnAddress/GetReturnAddress/525/

8/8/2019 7:01:51 PM
http://rma.parabit.com:1340/api/v1/User/GetUserProfile/

8/8/2019 7:01:51 PM
http://rma.parabit.com:1340/api/v1/Firm/FirmName/

8/8/2019 7:01:51 PM
http://rma.parabit.com:1340/api/v1/Country/

8/8/2019 7:01:51 PM
http://rma.parabit.com:1340/api/v1/ReturnAddress/GetReturnAddress/525/

8/8/2019 7:01:57 PM
http://rma.parabit.com:1340/api/v1/Company/CompanyName/0/

8/8/2019 7:01:57 PM
http://rma.parabit.com:1340/api/v1/User/GetUserProfile/

8/8/2019 7:01:57 PM
http://rma.parabit.com:1340/api/v1/Firm/FirmName/

8/8/2019 7:01:57 PM
http://rma.parabit.com:1340/api/v1/Country/

8/8/2019 7:01:57 PM
http://rma.parabit.com:1340/api/v1/ReturnAddress/GetReturnAddress/525/

8/8/2019 7:02:05 PM
http://rma.parabit.com:1340/api/v1/Company/CompanyName/0/

8/8/2019 7:02:05 PM
http://rma.parabit.com:1340/api/v1/Case/CaseId/Company/392/

8/8/2019 7:02:07 PM
http://rma.parabit.com:1340/api/v1/Case/CaseDetails/PBT711/

8/8/2019 7:02:11 PM
http://rma.parabit.com:1340/api/v1/Case/CaseDetails/

8/8/2019 7:02:11 PM
http://rma.parabit.com:1340/api/v1/Case/AprrovedCaseId/

8/8/2019 7:02:11 PM
http://rma.parabit.com:1340/api/v1/User/GetUserProfile/

8/8/2019 7:02:11 PM
http://rma.parabit.com:1340/api/v1/Firm/FirmName/

8/8/2019 7:02:11 PM
http://rma.parabit.com:1340/api/v1/Country/

8/8/2019 7:02:12 PM
http://rma.parabit.com:1340/api/v1/ReturnAddress/GetReturnAddress/525/

8/8/2019 7:02:13 PM
http://rma.parabit.com:1340/api/v1/Case/CaseDetails/

8/8/2019 7:03:35 PM
http://rma.parabit.com:1340/api/v1/User/GetUserProfile/

8/8/2019 7:03:35 PM
http://rma.parabit.com:1340/api/v1/Firm/FirmName/

8/8/2019 7:03:35 PM
http://rma.parabit.com:1340/api/v1/Country/

8/8/2019 7:03:35 PM
http://rma.parabit.com:1340/api/v1/ReturnAddress/GetReturnAddress/525/

8/8/2019 7:05:45 PM
http://rma.parabit.com:1340/api/v1/User/GetUserProfile/

8/8/2019 7:05:45 PM
http://rma.parabit.com:1340/api/v1/Firm/FirmName/

8/8/2019 7:05:46 PM
http://rma.parabit.com:1340/api/v1/Country/

8/8/2019 7:05:46 PM
http://rma.parabit.com:1340/api/v1/ReturnAddress/GetReturnAddress/525/

8/8/2019 7:05:49 PM
http://rma.parabit.com:1340/api/v1/User/GetUserProfile/

8/8/2019 7:05:49 PM
http://rma.parabit.com:1340/api/v1/Firm/FirmName/

8/8/2019 7:05:49 PM
http://rma.parabit.com:1340/api/v1/Country/

8/8/2019 7:05:49 PM
http://rma.parabit.com:1340/api/v1/ReturnAddress/GetReturnAddress/525/

8/8/2019 7:05:55 PM
http://rma.parabit.com:1340/api/v1/Company/CompanyName/0/

8/8/2019 7:05:55 PM
http://rma.parabit.com:1340/api/v1/User/GetUserProfile/

8/8/2019 7:05:55 PM
http://rma.parabit.com:1340/api/v1/Firm/FirmName/

8/8/2019 7:05:55 PM
http://rma.parabit.com:1340/api/v1/Country/

8/8/2019 7:05:55 PM
http://rma.parabit.com:1340/api/v1/ReturnAddress/GetReturnAddress/525/

8/8/2019 7:08:58 PM
http://rma.parabit.com:1340/api/v1/Company/CompanyName/0/

8/8/2019 7:08:58 PM
http://rma.parabit.com:1340/api/v1/User/GetUserProfile/

8/8/2019 7:08:58 PM
http://rma.parabit.com:1340/api/v1/Firm/FirmName/

8/8/2019 7:08:58 PM
http://rma.parabit.com:1340/api/v1/Country/

8/8/2019 7:08:58 PM
http://rma.parabit.com:1340/api/v1/ReturnAddress/GetReturnAddress/525/

8/8/2019 7:09:57 PM
http://rma.parabit.com:1340/api/v1/User/GetUserProfile/

8/8/2019 7:09:57 PM
http://rma.parabit.com:1340/api/v1/Firm/FirmName/

8/8/2019 7:09:57 PM
http://rma.parabit.com:1340/api/v1/Country/

8/8/2019 7:09:57 PM
http://rma.parabit.com:1340/api/v1/ReturnAddress/GetReturnAddress/525/

8/8/2019 7:11:00 PM
http://rma.parabit.com:1340/api/v1/User/GetUserProfile/

8/8/2019 7:11:00 PM
http://rma.parabit.com:1340/api/v1/Firm/FirmName/

8/8/2019 7:11:00 PM
http://rma.parabit.com:1340/api/v1/Country/

8/8/2019 7:11:00 PM
http://rma.parabit.com:1340/api/v1/ReturnAddress/GetReturnAddress/525/

8/8/2019 7:11:05 PM
http://rma.parabit.com:1340/api/v1/User/GetUserProfile/

8/8/2019 7:11:05 PM
http://rma.parabit.com:1340/api/v1/Firm/FirmName/

8/8/2019 7:11:05 PM
http://rma.parabit.com:1340/api/v1/Country/

8/8/2019 7:11:05 PM
http://rma.parabit.com:1340/api/v1/ReturnAddress/GetReturnAddress/525/

8/8/2019 7:11:09 PM
http://rma.parabit.com:1340/api/v1/User/GetUserProfile/

8/8/2019 7:11:09 PM
http://rma.parabit.com:1340/api/v1/Firm/FirmName/

8/8/2019 7:11:09 PM
http://rma.parabit.com:1340/api/v1/Country/

8/8/2019 7:11:09 PM
http://rma.parabit.com:1340/api/v1/ReturnAddress/GetReturnAddress/525/

8/8/2019 7:11:12 PM
http://rma.parabit.com:1340/api/v1/User/GetUserProfile/

8/8/2019 7:11:12 PM
http://rma.parabit.com:1340/api/v1/Firm/FirmName/

8/8/2019 7:11:12 PM
http://rma.parabit.com:1340/api/v1/Country/

8/8/2019 7:11:12 PM
http://rma.parabit.com:1340/api/v1/ReturnAddress/GetReturnAddress/525/

8/8/2019 7:11:16 PM
http://rma.parabit.com:1340/api/v1/Case/CaseDetails/

8/8/2019 7:11:16 PM
http://rma.parabit.com:1340/api/v1/Case/AprrovedCaseId/

8/8/2019 7:11:16 PM
http://rma.parabit.com:1340/api/v1/User/GetUserProfile/

8/8/2019 7:11:17 PM
http://rma.parabit.com:1340/api/v1/Firm/FirmName/

8/8/2019 7:11:17 PM
http://rma.parabit.com:1340/api/v1/Country/

8/8/2019 7:11:17 PM
http://rma.parabit.com:1340/api/v1/ReturnAddress/GetReturnAddress/525/

8/8/2019 7:11:18 PM
http://rma.parabit.com:1340/api/v1/Case/CaseDetails/

8/8/2019 7:11:20 PM
http://rma.parabit.com:1340/api/v1/User/GetUserProfile/

8/8/2019 7:11:20 PM
http://rma.parabit.com:1340/api/v1/Firm/FirmName/

8/8/2019 7:11:20 PM
http://rma.parabit.com:1340/api/v1/Country/

8/8/2019 7:11:20 PM
http://rma.parabit.com:1340/api/v1/ReturnAddress/GetReturnAddress/525/

8/8/2019 7:11:33 PM
http://rma.parabit.com:1340/api/v1/User/GetUserProfile/

8/8/2019 7:11:33 PM
http://rma.parabit.com:1340/api/v1/Firm/FirmName/

8/8/2019 7:11:33 PM
http://rma.parabit.com:1340/api/v1/Country/

8/8/2019 7:11:33 PM
http://rma.parabit.com:1340/api/v1/ReturnAddress/GetReturnAddress/525/

8/8/2019 7:11:36 PM
http://rma.parabit.com:1340/api/v1/User/UpdateProfile/

8/8/2019 7:11:36 PM
http://rma.parabit.com:1340/api/v1/User/GetUserProfile/

8/8/2019 7:11:36 PM
http://rma.parabit.com:1340/api/v1/Firm/FirmName/

8/8/2019 7:11:36 PM
http://rma.parabit.com:1340/api/v1/Country/

8/8/2019 7:11:36 PM
http://rma.parabit.com:1340/api/v1/ReturnAddress/GetReturnAddress/525/

8/8/2019 7:14:45 PM
http://rma.parabit.com:1340/api/v1/User/GetUserProfile/

8/8/2019 7:14:45 PM
http://rma.parabit.com:1340/api/v1/Firm/FirmName/

8/8/2019 7:14:45 PM
http://rma.parabit.com:1340/api/v1/Country/

8/8/2019 7:14:45 PM
http://rma.parabit.com:1340/api/v1/ReturnAddress/GetReturnAddress/525/

8/8/2019 7:21:29 PM
http://rma.parabit.com:1340/api/v1/User/GetUserProfile/

8/8/2019 7:21:30 PM
http://rma.parabit.com:1340/api/v1/Firm/FirmName/

8/8/2019 7:21:30 PM
http://rma.parabit.com:1340/api/v1/Country/

8/8/2019 7:21:30 PM
http://rma.parabit.com:1340/api/v1/ReturnAddress/GetReturnAddress/525/
