
12/31/2019 11:42:36 AM
http://rma.parabit.com:1340/api/v1/User/ValidateLogin/

12/31/2019 11:42:37 AM
http://rma.parabit.com:1340/api/v1/User/GetUserProfile/

12/31/2019 11:42:37 AM
http://rma.parabit.com:1340/api/v1/Firm/FirmName/

12/31/2019 11:42:37 AM
http://rma.parabit.com:1340/api/v1/Country/

12/31/2019 11:42:37 AM
http://rma.parabit.com:1340/api/v1/ReturnAddress/GetReturnAddress/525/

12/31/2019 11:42:47 AM
http://rma.parabit.com:1340/api/v1/User/GetUserProfile/

12/31/2019 11:42:48 AM
http://rma.parabit.com:1340/api/v1/Firm/FirmName/

12/31/2019 11:42:48 AM
http://rma.parabit.com:1340/api/v1/Country/

12/31/2019 11:42:48 AM
http://rma.parabit.com:1340/api/v1/ReturnAddress/GetReturnAddress/525/

12/31/2019 11:42:50 AM
http://rma.parabit.com:1340/api/v1/User/GetUserProfile/

12/31/2019 11:42:50 AM
http://rma.parabit.com:1340/api/v1/Firm/FirmName/

12/31/2019 11:42:50 AM
http://rma.parabit.com:1340/api/v1/Country/

12/31/2019 11:42:51 AM
http://rma.parabit.com:1340/api/v1/ReturnAddress/GetReturnAddress/525/

12/31/2019 11:42:52 AM
http://rma.parabit.com:1340/api/v1/Company/CompanyName/0/

12/31/2019 11:42:53 AM
http://rma.parabit.com:1340/api/v1/User/GetUserProfile/

12/31/2019 11:42:53 AM
http://rma.parabit.com:1340/api/v1/Firm/FirmName/

12/31/2019 11:42:53 AM
http://rma.parabit.com:1340/api/v1/Country/

12/31/2019 11:42:53 AM
http://rma.parabit.com:1340/api/v1/ReturnAddress/GetReturnAddress/525/

12/31/2019 11:42:58 AM
http://rma.parabit.com:1340/api/v1/Case/CaseDetails/

12/31/2019 11:42:59 AM
http://rma.parabit.com:1340/api/v1/Case/AprrovedCaseId/

12/31/2019 11:42:59 AM
http://rma.parabit.com:1340/api/v1/User/GetUserProfile/

12/31/2019 11:42:59 AM
http://rma.parabit.com:1340/api/v1/Firm/FirmName/

12/31/2019 11:42:59 AM
http://rma.parabit.com:1340/api/v1/Country/

12/31/2019 11:42:59 AM
http://rma.parabit.com:1340/api/v1/ReturnAddress/GetReturnAddress/525/

12/31/2019 11:43:00 AM
http://rma.parabit.com:1340/api/v1/Case/CaseDetails/

12/31/2019 11:43:02 AM
http://rma.parabit.com:1340/api/v1/Case/AprrovedCaseId/

12/31/2019 11:43:05 AM
http://rma.parabit.com:1340/api/v1/Case/CaseDetails/

12/31/2019 11:43:25 AM
http://rma.parabit.com:1340/api/v1/Case/AprrovedCaseId/

12/31/2019 11:43:37 AM
http://rma.parabit.com:1340/api/v1/User/GetUserProfile/

12/31/2019 11:43:37 AM
http://rma.parabit.com:1340/api/v1/Firm/FirmName/

12/31/2019 11:43:37 AM
http://rma.parabit.com:1340/api/v1/Country/

12/31/2019 11:43:37 AM
http://rma.parabit.com:1340/api/v1/ReturnAddress/GetReturnAddress/525/

12/31/2019 11:43:45 AM
http://rma.parabit.com:1340/api/v1/Case/CaseDetails/

12/31/2019 11:43:46 AM
http://rma.parabit.com:1340/api/v1/Case/AprrovedCaseId/

12/31/2019 11:43:46 AM
http://rma.parabit.com:1340/api/v1/User/GetUserProfile/

12/31/2019 11:43:46 AM
http://rma.parabit.com:1340/api/v1/Firm/FirmName/

12/31/2019 11:43:46 AM
http://rma.parabit.com:1340/api/v1/Country/

12/31/2019 11:43:46 AM
http://rma.parabit.com:1340/api/v1/ReturnAddress/GetReturnAddress/525/

12/31/2019 11:43:47 AM
http://rma.parabit.com:1340/api/v1/Case/CaseDetails/

12/31/2019 1:09:28 PM
http://rma.parabit.com:1340/api/v1/Case/CaseDetails/

12/31/2019 1:09:44 PM
http://rma.parabit.com:1340/api/v1/User/ValidateLogin/

12/31/2019 1:09:44 PM
http://rma.parabit.com:1340/api/v1/User/GetUserProfile/

12/31/2019 1:09:44 PM
http://rma.parabit.com:1340/api/v1/Firm/FirmName/

12/31/2019 1:09:44 PM
http://rma.parabit.com:1340/api/v1/Country/

12/31/2019 1:09:45 PM
http://rma.parabit.com:1340/api/v1/ReturnAddress/GetReturnAddress/525/
